tv_theatre_app/build/intermediates/manifest_merge_blame_file/debug/manifest-merger-blame-debug-report.txt
1<?xml version="1.0" encoding="utf-8"?>
2<manifest xmlns:android="http://schemas.android.com/apk/res/android"
3    package="com.vikash.tv_theatre_app"
4    android:versionCode="1"
5    android:versionName="1.0" >
6
7    <uses-sdk
8        android:minSdkVersion="26"
8-->src\main\AndroidManifest.xml
9        android:targetSdkVersion="31" />
9-->src\main\AndroidManifest.xml
10
11    <uses-permission android:name="android.permission.INTERNET" />
11-->src\main\AndroidManifest.xml:6:5-67
11-->src\main\AndroidManifest.xml:6:22-64
12
13    <uses-feature
13-->src\main\AndroidManifest.xml:8:5-10:36
14        android:name="android.hardware.touchscreen"
14-->src\main\AndroidManifest.xml:9:9-52
15        android:required="false" />
15-->src\main\AndroidManifest.xml:10:9-33
16    <uses-feature
16-->src\main\AndroidManifest.xml:11:5-13:35
17        android:name="android.software.leanback"
17-->src\main\AndroidManifest.xml:12:9-49
18        android:required="true" />
18-->src\main\AndroidManifest.xml:13:9-32
19
20    <application
20-->src\main\AndroidManifest.xml:15:5-44:19
21        android:allowBackup="true"
21-->src\main\AndroidManifest.xml:16:9-35
22        android:appComponentFactory="androidx.core.app.CoreComponentFactory"
22-->[androidx.core:core:1.7.0] AndroidManifest.xml:24:18-86
23        android:debuggable="true"
24        android:extractNativeLibs="false"
25        android:icon="@mipmap/ic_launcher"
25-->src\main\AndroidManifest.xml:17:9-43
26        android:label="@string/app_name"
26-->src\main\AndroidManifest.xml:18:9-41
27        android:supportsRtl="true"
27-->src\main\AndroidManifest.xml:19:9-35
28        android:testOnly="true"
29        android:theme="@style/Theme.TheatreApp" >
29-->src\main\AndroidManifest.xml:20:9-48
30        <activity
30-->src\main\AndroidManifest.xml:21:9-34:20
31            android:name="com.vikash.tv_theatre_app.MainActivity"
31-->src\main\AndroidManifest.xml:22:13-41
32            android:banner="@drawable/app_icon_your_company"
32-->src\main\AndroidManifest.xml:23:13-61
33            android:exported="true"
33-->src\main\AndroidManifest.xml:24:13-36
34            android:icon="@drawable/app_icon_your_company"
34-->src\main\AndroidManifest.xml:25:13-59
35            android:label="@string/app_name"
35-->src\main\AndroidManifest.xml:26:13-45
36            android:logo="@drawable/app_icon_your_company"
36-->src\main\AndroidManifest.xml:27:13-59
37            android:screenOrientation="landscape" >
37-->src\main\AndroidManifest.xml:28:13-50
38            <intent-filter>
38-->src\main\AndroidManifest.xml:29:13-33:29
39                <action android:name="android.intent.action.MAIN" />
39-->src\main\AndroidManifest.xml:30:17-69
39-->src\main\AndroidManifest.xml:30:25-66
40
41                <category android:name="android.intent.category.LEANBACK_LAUNCHER" />
41-->src\main\AndroidManifest.xml:32:17-86
41-->src\main\AndroidManifest.xml:32:27-83
42            </intent-filter>
43        </activity>
44        <activity
44-->src\main\AndroidManifest.xml:35:9-37:40
45            android:name="com.vikash.tv_theatre_app.DetailsActivity"
45-->src\main\AndroidManifest.xml:36:13-44
46            android:exported="false" />
46-->src\main\AndroidManifest.xml:37:13-37
47        <activity
47-->src\main\AndroidManifest.xml:38:9-40:40
48            android:name="com.vikash.tv_theatre_app.PlaybackActivity"
48-->src\main\AndroidManifest.xml:39:13-45
49            android:exported="false" />
49-->src\main\AndroidManifest.xml:40:13-37
50        <activity
50-->src\main\AndroidManifest.xml:41:9-43:40
51            android:name="com.vikash.tv_theatre_app.BrowseErrorActivity"
51-->src\main\AndroidManifest.xml:42:13-48
52            android:exported="false" />
52-->src\main\AndroidManifest.xml:43:13-37
53
54        <provider
54-->[androidx.emoji2:emoji2:1.0.0] AndroidManifest.xml:26:9-34:20
55            android:name="androidx.startup.InitializationProvider"
55-->[androidx.emoji2:emoji2:1.0.0] AndroidManifest.xml:27:13-67
56            android:authorities="com.vikash.tv_theatre_app.androidx-startup"
56-->[androidx.emoji2:emoji2:1.0.0] AndroidManifest.xml:28:13-68
57            android:exported="false" >
57-->[androidx.emoji2:emoji2:1.0.0] AndroidManifest.xml:29:13-37
58            <meta-data
58-->[androidx.emoji2:emoji2:1.0.0] AndroidManifest.xml:31:13-33:52
59                android:name="androidx.emoji2.text.EmojiCompatInitializer"
59-->[androidx.emoji2:emoji2:1.0.0] AndroidManifest.xml:32:17-75
60                android:value="androidx.startup" />
60-->[androidx.emoji2:emoji2:1.0.0] AndroidManifest.xml:33:17-49
61            <meta-data
61-->[androidx.lifecycle:lifecycle-process:2.4.0] AndroidManifest.xml:31:13-33:52
62                android:name="androidx.lifecycle.ProcessLifecycleInitializer"
62-->[androidx.lifecycle:lifecycle-process:2.4.0] AndroidManifest.xml:32:17-78
63                android:value="androidx.startup" />
63-->[androidx.lifecycle:lifecycle-process:2.4.0] AndroidManifest.xml:33:17-49
64        </provider>
65    </application>
66
67</manifest>